<?xml version="1.0" encoding="UTF-8"?>
<!-- Generated by org.testng.reporters.JUnitReportReporter -->
<testsuite hostname="LAPTOP-64KKE5OO" name="signup.testcase.validation.Signup_Smoketest" tests="1" failures="0" timestamp="13 Jul 2020 08:49:12 GMT" time="36.029" errors="0">
  <testcase name="TC01_Signup_WithvalidData" time="36.029" classname="signup.testcase.validation.Signup_Smoketest"/>
</testsuite> <!-- signup.testcase.validation.Signup_Smoketest -->
